This file contains any messages produced by compilers while
running configure, to aid debugging if configure makes a mistake.

It was created by dfu-programmer configure 0.5.4, which was
generated by GNU Autoconf 2.66.  Invocation command line was

  $ ./configure 

## --------- ##
## Platform. ##
## --------- ##

hostname = student-17thompsonal.local
uname -m = x86_64
uname -r = 14.5.0
uname -s = Darwin
uname -v = Darwin Kernel Version 14.5.0: Wed Jul 29 02:26:53 PDT 2015; root:xnu-2782.40.9~1/RELEASE_X86_64

/usr/bin/uname -p = i386
/bin/uname -X     = unknown

/bin/arch              = unknown
/usr/bin/arch -k       = unknown
/usr/convex/getsysinfo = unknown
/usr/bin/hostinfo      = Mach kernel version:
	 Darwin Kernel Version 14.5.0: Wed Jul 29 02:26:53 PDT 2015; root:xnu-2782.40.9~1/RELEASE_X86_64
Kernel configured for up to 4 processors.
2 processors are physically available.
4 processors are logically available.
Processor type: x86_64h (Intel x86-64h Haswell)
Processors active: 0 1 2 3
Primary memory available: 8.00 gigabytes
Default processor set: 210 tasks, 758 threads, 4 processors
Load average: 1.80, Mach factor: 2.18
/bin/machine           = unknown
/usr/bin/oslevel       = unknown
/bin/universe          = unknown

PATH: /Users/17thompsonal/homebrew/sbin
PATH: /Users/17thompsonal/homebrew/bin
PATH: /Users/17thompsonal/homebrew/bin
PATH: /Users/17thompsonal/homebrew/bin
PATH: /usr/local/bin
PATH: /usr/bin
PATH: /bin
PATH: /usr/sbin
PATH: /sbin
PATH: /usr/local/munki


## ----------- ##
## Core tests. ##
## ----------- ##

configure:2112: checking for a BSD-compatible install
configure:2180: result: /usr/bin/install -c
configure:2191: checking whether build environment is sane
configure:2241: result: yes
configure:2382: checking for a thread-safe mkdir -p
configure:2421: result: m4/install-sh -c -d
configure:2434: checking for gawk
configure:2464: result: no
configure:2434: checking for mawk
configure:2464: result: no
configure:2434: checking for nawk
configure:2464: result: no
configure:2434: checking for awk
configure:2450: found /usr/bin/awk
configure:2461: result: awk
configure:2472: checking whether make sets $(MAKE)
configure:2494: result: yes
configure:2579: checking whether to enable maintainer-specific portions of Makefiles
configure:2588: result: no
configure:2651: checking for gcc
configure:2667: found /usr/bin/gcc
configure:2678: result: gcc
configure:2907: checking for C compiler version
configure:2916: gcc --version >&5
Apple LLVM version 7.0.0 (clang-700.0.72)
Target: x86_64-apple-darwin14.5.0
Thread model: posix
Configured with: --prefix=/Library/Developer/CommandLineTools/usr --with-gxx-include-dir=/usr/include/c++/4.2.1
configure:2927: $? = 0
configure:2916: gcc -v >&5
Configured with: --prefix=/Library/Developer/CommandLineTools/usr --with-gxx-include-dir=/usr/include/c++/4.2.1
Apple LLVM version 7.0.0 (clang-700.0.72)
Target: x86_64-apple-darwin14.5.0
Thread model: posix
configure:2927: $? = 0
configure:2916: gcc -V >&5
clang: error: argument to '-V' is missing (expected 1 value)
clang: error: no input files
configure:2927: $? = 1
configure:2916: gcc -qversion >&5
clang: error: unknown argument: '-qversion'
clang: error: no input files
configure:2927: $? = 1
configure:2947: checking whether the C compiler works
configure:2969: gcc    conftest.c  >&5
configure:2973: $? = 0
configure:3021: result: yes
configure:3024: checking for C compiler default output file name
configure:3026: result: a.out
configure:3032: checking for suffix of executables
configure:3039: gcc -o conftest    conftest.c  >&5
configure:3043: $? = 0
configure:3065: result: 
configure:3087: checking whether we are cross compiling
configure:3095: gcc -o conftest    conftest.c  >&5
configure:3099: $? = 0
configure:3106: ./conftest
configure:3110: $? = 0
configure:3125: result: no
configure:3130: checking for suffix of object files
configure:3152: gcc -c   conftest.c >&5
configure:3156: $? = 0
configure:3177: result: o
configure:3181: checking whether we are using the GNU C compiler
configure:3200: gcc -c   conftest.c >&5
configure:3200: $? = 0
configure:3209: result: yes
configure:3218: checking whether gcc accepts -g
configure:3238: gcc -c -g  conftest.c >&5
configure:3238: $? = 0
configure:3279: result: yes
configure:3296: checking for gcc option to accept ISO C89
configure:3360: gcc  -c -g -O2  conftest.c >&5
configure:3360: $? = 0
configure:3373: result: none needed
configure:3404: checking for style of include used by make
configure:3432: result: GNU
configure:3457: checking dependency style of gcc
configure:3567: result: gcc3
configure:3648: checking for pkg-config
configure:3666: found /Users/17thompsonal/homebrew/bin/pkg-config
configure:3678: result: /Users/17thompsonal/homebrew/bin/pkg-config
configure:3703: checking pkg-config is at least version 0.9.0
configure:3706: result: yes
configure:3716: checking for LIBUSB_1_0
configure:3723: $PKG_CONFIG --exists --print-errors " libusb-1.0 >= 1.0.0 "
configure:3726: $? = 0
configure:3739: $PKG_CONFIG --exists --print-errors " libusb-1.0 >= 1.0.0 "
configure:3742: $? = 0
configure:3779: result: yes
configure:4300: checking for ANSI C header files
configure:4320: gcc -c -g -O2 -I/Users/17thompsonal/homebrew/Cellar/libusb/1.0.20/include/libusb-1.0  conftest.c >&5
configure:4320: $? = 0
./configure: line 4334: conftest.c: command not found
configure:4404: result: no
configure:4414: checking for an ANSI C-conforming const
configure:4479: gcc -c -g -O2 -I/Users/17thompsonal/homebrew/Cellar/libusb/1.0.20/include/libusb-1.0  conftest.c >&5
configure:4479: $? = 0
configure:4486: result: yes
configure:4494: checking for size_t
configure:4494: gcc -c -g -O2 -I/Users/17thompsonal/homebrew/Cellar/libusb/1.0.20/include/libusb-1.0  conftest.c >&5
configure:4494: $? = 0
configure:4494: gcc -c -g -O2 -I/Users/17thompsonal/homebrew/Cellar/libusb/1.0.20/include/libusb-1.0  conftest.c >&5
conftest.c:48:21: error: expected expression
if (sizeof ((size_t)))
                    ^
1 error generated.
configure:4494: $? = 1
configure: failed program was:
| /* confdefs.h */
| #define PACKAGE_NAME "dfu-programmer"
| #define PACKAGE_TARNAME "dfu-programmer"
| #define PACKAGE_VERSION "0.5.4"
| #define PACKAGE_STRING "dfu-programmer 0.5.4"
| #define PACKAGE_BUGREPORT ""
| #define PACKAGE_URL ""
| #define PACKAGE "dfu-programmer"
| #define VERSION "0.5.4"
| #define HAVE_LIBUSB_1_0 1
| /* end confdefs.h.  */
| #include <stdio.h>
| #ifdef HAVE_SYS_TYPES_H
| # include <sys/types.h>
| #endif
| #ifdef HAVE_SYS_STAT_H
| # include <sys/stat.h>
| #endif
| #ifdef STDC_HEADERS
| # include <stdlib.h>
| # include <stddef.h>
| #else
| # ifdef HAVE_STDLIB_H
| #  include <stdlib.h>
| # endif
| #endif
| #ifdef HAVE_STRING_H
| # if !defined STDC_HEADERS && defined HAVE_MEMORY_H
| #  include <memory.h>
| # endif
| # include <string.h>
| #endif
| #ifdef HAVE_STRINGS_H
| # include <strings.h>
| #endif
| #ifdef HAVE_INTTYPES_H
| # include <inttypes.h>
| #endif
| #ifdef HAVE_STDINT_H
| # include <stdint.h>
| #endif
| #ifdef HAVE_UNISTD_H
| # include <unistd.h>
| #endif
| int
| main ()
| {
| if (sizeof ((size_t)))
| 	    return 0;
|   ;
|   return 0;
| }
configure:4494: result: yes
configure:4509: checking stdlib.h usability
configure:4509: gcc -c -g -O2 -I/Users/17thompsonal/homebrew/Cellar/libusb/1.0.20/include/libusb-1.0  conftest.c >&5
configure:4509: $? = 0
configure:4509: result: yes
configure:4509: checking stdlib.h presence
configure:4509:   conftest.c
./configure: line 1478: conftest.c: command not found
configure:4509: $? = 127
configure: failed program was:
| /* confdefs.h */
| #define PACKAGE_NAME "dfu-programmer"
| #define PACKAGE_TARNAME "dfu-programmer"
| #define PACKAGE_VERSION "0.5.4"
| #define PACKAGE_STRING "dfu-programmer 0.5.4"
| #define PACKAGE_BUGREPORT ""
| #define PACKAGE_URL ""
| #define PACKAGE "dfu-programmer"
| #define VERSION "0.5.4"
| #define HAVE_LIBUSB_1_0 1
| /* end confdefs.h.  */
| #include <stdlib.h>
configure:4509: result: no
configure:4509: WARNING: stdlib.h: accepted by the compiler, rejected by the preprocessor!
configure:4509: WARNING: stdlib.h: proceeding with the compiler's result
configure:4509: checking for stdlib.h
configure:4509: result: yes
configure:4519: checking for GNU libc compatible malloc
configure:4543: gcc -o conftest -g -O2 -I/Users/17thompsonal/homebrew/Cellar/libusb/1.0.20/include/libusb-1.0   -L/Users/17thompsonal/homebrew/Cellar/libusb/1.0.20/lib -lusb-1.0 conftest.c  >&5
configure:4543: $? = 0
configure:4543: ./conftest
configure:4543: $? = 0
configure:4553: result: yes
configure:4574: checking for working memcmp
configure:4617: gcc -o conftest -g -O2 -I/Users/17thompsonal/homebrew/Cellar/libusb/1.0.20/include/libusb-1.0   -L/Users/17thompsonal/homebrew/Cellar/libusb/1.0.20/lib -lusb-1.0 conftest.c  >&5
conftest.c:53:7: warning: implicitly declaring library function 'memcmp' with type 'int (const void *, const void *, unsigned long)'
  if (memcmp(&c0, &c2, 1) >= 0 || memcmp(&c1, &c2, 1) >= 0)
      ^
conftest.c:53:7: note: include the header <string.h> or explicitly provide a declaration for 'memcmp'
conftest.c:67:2: warning: implicitly declaring library function 'strcpy' with type 'char *(char *, const char *)'
        strcpy (a, "--------01111111");
        ^
conftest.c:67:2: note: include the header <string.h> or explicitly provide a declaration for 'strcpy'
2 warnings generated.
configure:4617: $? = 0
configure:4617: ./conftest
configure:4617: $? = 0
configure:4627: result: yes
configure:4763: creating ./config.status

## ---------------------- ##
## Running config.status. ##
## ---------------------- ##

This file was extended by dfu-programmer config.status 0.5.4, which was
generated by GNU Autoconf 2.66.  Invocation command line was

  CONFIG_FILES    = 
  CONFIG_HEADERS  = 
  CONFIG_LINKS    = 
  CONFIG_COMMANDS = 
  $ ./config.status 

on student-17thompsonal.local

config.status:854: creating fedora/dfu-programmer.spec
config.status:854: creating Makefile
config.status:854: creating docs/Makefile
config.status:854: creating src/Makefile
config.status:854: creating config.h
config.status:1082: executing depfiles commands

## ---------------- ##
## Cache variables. ##
## ---------------- ##

ac_cv_c_compiler_gnu=yes
ac_cv_c_const=yes
ac_cv_env_CC_set=
ac_cv_env_CC_value=
ac_cv_env_CFLAGS_set=
ac_cv_env_CFLAGS_value=
ac_cv_env_CPPFLAGS_set=
ac_cv_env_CPPFLAGS_value=
ac_cv_env_CPP_set=
ac_cv_env_CPP_value=
ac_cv_env_LDFLAGS_set=
ac_cv_env_LDFLAGS_value=
ac_cv_env_LIBS_set=
ac_cv_env_LIBS_value=
ac_cv_env_LIBUSB_1_0_CFLAGS_set=
ac_cv_env_LIBUSB_1_0_CFLAGS_value=
ac_cv_env_LIBUSB_1_0_LIBS_set=
ac_cv_env_LIBUSB_1_0_LIBS_value=
ac_cv_env_PKG_CONFIG_LIBDIR_set=
ac_cv_env_PKG_CONFIG_LIBDIR_value=
ac_cv_env_PKG_CONFIG_PATH_set=
ac_cv_env_PKG_CONFIG_PATH_value=
ac_cv_env_PKG_CONFIG_set=
ac_cv_env_PKG_CONFIG_value=
ac_cv_env_build_alias_set=
ac_cv_env_build_alias_value=
ac_cv_env_host_alias_set=
ac_cv_env_host_alias_value=
ac_cv_env_target_alias_set=
ac_cv_env_target_alias_value=
ac_cv_func_malloc_0_nonnull=yes
ac_cv_func_memcmp_working=yes
ac_cv_header_stdc=no
ac_cv_header_stdlib_h=yes
ac_cv_objext=o
ac_cv_path_ac_pt_PKG_CONFIG=/Users/17thompsonal/homebrew/bin/pkg-config
ac_cv_path_install='/usr/bin/install -c'
ac_cv_prog_AWK=awk
ac_cv_prog_ac_ct_CC=gcc
ac_cv_prog_cc_c89=
ac_cv_prog_cc_g=yes
ac_cv_prog_make_make_set=yes
ac_cv_type_size_t=yes
am_cv_CC_dependencies_compiler_type=gcc3
pkg_cv_LIBUSB_1_0_CFLAGS=-I/Users/17thompsonal/homebrew/Cellar/libusb/1.0.20/include/libusb-1.0
pkg_cv_LIBUSB_1_0_LIBS='-L/Users/17thompsonal/homebrew/Cellar/libusb/1.0.20/lib -lusb-1.0'

## ----------------- ##
## Output variables. ##
## ----------------- ##

ACLOCAL='${SHELL} /Users/17thompsonal/Desktop/USB-Rubber-Ducky/Flash/dfu-programmer-0.5.4/m4/missing --run aclocal-1.11'
AMDEPBACKSLASH='\'
AMDEP_FALSE='#'
AMDEP_TRUE=''
AMTAR='${SHELL} /Users/17thompsonal/Desktop/USB-Rubber-Ducky/Flash/dfu-programmer-0.5.4/m4/missing --run tar'
AUTOCONF='${SHELL} /Users/17thompsonal/Desktop/USB-Rubber-Ducky/Flash/dfu-programmer-0.5.4/m4/missing --run autoconf'
AUTOHEADER='${SHELL} /Users/17thompsonal/Desktop/USB-Rubber-Ducky/Flash/dfu-programmer-0.5.4/m4/missing --run autoheader'
AUTOMAKE='${SHELL} /Users/17thompsonal/Desktop/USB-Rubber-Ducky/Flash/dfu-programmer-0.5.4/m4/missing --run automake-1.11'
AWK='awk'
CC='gcc'
CCDEPMODE='depmode=gcc3'
CFLAGS='-g -O2 -I/Users/17thompsonal/homebrew/Cellar/libusb/1.0.20/include/libusb-1.0'
CPP=''
CPPFLAGS=''
CYGPATH_W='echo'
DEFS='-DHAVE_CONFIG_H'
DEPDIR='.deps'
ECHO_C='\c'
ECHO_N=''
ECHO_T=''
EGREP=''
EXEEXT=''
GREP=''
INSTALL_DATA='${INSTALL} -m 644'
INSTALL_PROGRAM='${INSTALL}'
INSTALL_SCRIPT='${INSTALL}'
INSTALL_STRIP_PROGRAM='$(install_sh) -c -s'
LDFLAGS=' -L/Users/17thompsonal/homebrew/Cellar/libusb/1.0.20/lib -lusb-1.0'
LIBOBJS=''
LIBS=''
LIBUSB_1_0_CFLAGS='-I/Users/17thompsonal/homebrew/Cellar/libusb/1.0.20/include/libusb-1.0'
LIBUSB_1_0_LIBS='-L/Users/17thompsonal/homebrew/Cellar/libusb/1.0.20/lib -lusb-1.0'
LTLIBOBJS=''
MAINT='#'
MAINTAINER_MODE_FALSE=''
MAINTAINER_MODE_TRUE='#'
MAKEINFO='${SHELL} /Users/17thompsonal/Desktop/USB-Rubber-Ducky/Flash/dfu-programmer-0.5.4/m4/missing --run makeinfo'
MKDIR_P='m4/install-sh -c -d'
OBJEXT='o'
PACKAGE='dfu-programmer'
PACKAGE_BUGREPORT=''
PACKAGE_NAME='dfu-programmer'
PACKAGE_STRING='dfu-programmer 0.5.4'
PACKAGE_TARNAME='dfu-programmer'
PACKAGE_URL=''
PACKAGE_VERSION='0.5.4'
PATH_SEPARATOR=':'
PKG_CONFIG='/Users/17thompsonal/homebrew/bin/pkg-config'
PKG_CONFIG_LIBDIR=''
PKG_CONFIG_PATH=''
SET_MAKE=''
SHELL='/bin/sh'
STRIP=''
VERSION='0.5.4'
ac_ct_CC='gcc'
am__EXEEXT_FALSE=''
am__EXEEXT_TRUE='#'
am__fastdepCC_FALSE='#'
am__fastdepCC_TRUE=''
am__include='include'
am__isrc=''
am__leading_dot='.'
am__quote=''
am__tar='${AMTAR} chof - "$$tardir"'
am__untar='${AMTAR} xf -'
bindir='${exec_prefix}/bin'
build_alias=''
datadir='${datarootdir}'
datarootdir='${prefix}/share'
docdir='${datarootdir}/doc/${PACKAGE_TARNAME}'
dvidir='${docdir}'
exec_prefix='${prefix}'
host_alias=''
htmldir='${docdir}'
includedir='${prefix}/include'
infodir='${datarootdir}/info'
install_sh='${SHELL} /Users/17thompsonal/Desktop/USB-Rubber-Ducky/Flash/dfu-programmer-0.5.4/m4/install-sh'
libdir='${exec_prefix}/lib'
libexecdir='${exec_prefix}/libexec'
localedir='${datarootdir}/locale'
localstatedir='${prefix}/var'
mandir='${datarootdir}/man'
mkdir_p='$(top_builddir)/m4/install-sh -c -d'
oldincludedir='/usr/include'
pdfdir='${docdir}'
prefix='/usr/local'
program_transform_name='s,x,x,'
psdir='${docdir}'
sbindir='${exec_prefix}/sbin'
sharedstatedir='${prefix}/com'
sysconfdir='${prefix}/etc'
target_alias=''

## ----------- ##
## confdefs.h. ##
## ----------- ##

/* confdefs.h */
#define PACKAGE_NAME "dfu-programmer"
#define PACKAGE_TARNAME "dfu-programmer"
#define PACKAGE_VERSION "0.5.4"
#define PACKAGE_STRING "dfu-programmer 0.5.4"
#define PACKAGE_BUGREPORT ""
#define PACKAGE_URL ""
#define PACKAGE "dfu-programmer"
#define VERSION "0.5.4"
#define HAVE_LIBUSB_1_0 1
#define HAVE_STDLIB_H 1
#define HAVE_MALLOC 1

configure: exit 0
